# JRE version: Java(TM) SE Runtime Environment (8.0_111-b14) (build 1.8.0_111-b14)
# Java VM: Java HotSpot(TM) 64-Bit Server VM (25.111-b14 mixed mode windows-amd64 compressed oops)
Heap:
 PSYoungGen      total 48128K, used 37581K [0x00000000e0000000, 0x00000000e3780000, 0x0000000100000000)
  eden space 41472K, 89% used [0x00000000e0000000,0x00000000e240f408,0x00000000e2880000)
  from space 6656K, 9% used [0x00000000e2f00000,0x00000000e2fa4010,0x00000000e3580000)
  to   space 6656K, 0% used [0x00000000e2880000,0x00000000e2880000,0x00000000e2f00000)
 ParOldGen       total 61440K, used 32157K [0x00000000a0000000, 0x00000000a3c00000, 0x00000000e0000000)
  object space 61440K, 52% used [0x00000000a0000000,0x00000000a1f67470,0x00000000a3c00000)
 Metaspace       used 57057K, capacity 58740K, committed 59008K, reserved 1099776K
  class space    used 7867K, capacity 8263K, committed 8320K, reserved 1048576K
GC Heap History (10 events):
Event: 300.064 GC heap before
{Heap before GC invocations=37 (full 3):
 PSYoungGen      total 35840K, used 32256K [0x00000000e0000000, 0x00000000e2c80000, 0x0000000100000000)
  eden space 32256K, 100% used [0x00000000e0000000,0x00000000e1f80000,0x00000000e1f80000)
  from space 3584K, 0% used [0x00000000e2080000,0x00000000e2080000,0x00000000e2400000)
  to   space 6656K, 0% used [0x00000000e2600000,0x00000000e2600000,0x00000000e2c80000)
 ParOldGen       total 61440K, used 31599K [0x00000000a0000000, 0x00000000a3c00000, 0x00000000e0000000)
  object space 61440K, 51% used [0x00000000a0000000,0x00000000a1edbe50,0x00000000a3c00000)
 Metaspace       used 57019K, capacity 58740K, committed 59008K, reserved 1099776K
  class space    used 7866K, capacity 8263K, committed 8320K, reserved 1048576K
Event: 300.071 GC heap after
Heap after GC invocations=37 (full 3):
 PSYoungGen      total 38912K, used 1027K [0x00000000e0000000, 0x00000000e3000000, 0x0000000100000000)
  eden space 32256K, 0% used [0x00000000e0000000,0x00000000e0000000,0x00000000e1f80000)
  from space 6656K, 15% used [0x00000000e2600000,0x00000000e2700df8,0x00000000e2c80000)
  to   space 6656K, 0% used [0x00000000e1f80000,0x00000000e1f80000,0x00000000e2600000)
 ParOldGen       total 61440K, used 31607K [0x00000000a0000000, 0x00000000a3c00000, 0x00000000e0000000)
  object space 61440K, 51% used [0x00000000a0000000,0x00000000a1edde50,0x00000000a3c00000)
 Metaspace       used 57019K, capacity 58740K, committed 59008K, reserved 1099776K
  class space    used 7866K, capacity 8263K, committed 8320K, reserved 1048576K
}
Event: 300.777 GC heap before
{Heap before GC invocations=38 (full 3):
 PSYoungGen      total 38912K, used 33283K [0x00000000e0000000, 0x00000000e3000000, 0x0000000100000000)
  eden space 32256K, 100% used [0x00000000e0000000,0x00000000e1f80000,0x00000000e1f80000)
  from space 6656K, 15% used [0x00000000e2600000,0x00000000e2700df8,0x00000000e2c80000)
  to   space 6656K, 0% used [0x00000000e1f80000,0x00000000e1f80000,0x00000000e2600000)
 ParOldGen       total 61440K, used 31607K [0x00000000a0000000, 0x00000000a3c00000, 0x00000000e0000000)
  object space 61440K, 51% used [0x00000000a0000000,0x00000000a1edde50,0x00000000a3c00000)
 Metaspace       used 57050K, capacity 58740K, committed 59008K, reserved 1099776K
  class space    used 7866K, capacity 8263K, committed 8320K, reserved 1048576K
Event: 300.789 GC heap after
Heap after GC invocations=38 (full 3):
 PSYoungGen      total 38912K, used 469K [0x00000000e0000000, 0x00000000e3100000, 0x0000000100000000)
  eden space 32256K, 0% used [0x00000000e0000000,0x00000000e0000000,0x00000000e1f80000)
  from space 6656K, 7% used [0x00000000e1f80000,0x00000000e1ff55c0,0x00000000e2600000)
  to   space 6656K, 0% used [0x00000000e2a80000,0x00000000e2a80000,0x00000000e3100000)
 ParOldGen       total 61440K, used 31607K [0x00000000a0000000, 0x00000000a3c00000, 0x00000000e0000000)
  object space 61440K, 51% used [0x00000000a0000000,0x00000000a1edde50,0x00000000a3c00000)
 Metaspace       used 57050K, capacity 58740K, committed 59008K, reserved 1099776K
  class space    used 7866K, capacity 8263K, committed 8320K, reserved 1048576K
}
Event: 304.464 GC heap before
{Heap before GC invocations=39 (full 3):
 PSYoungGen      total 38912K, used 32725K [0x00000000e0000000, 0x00000000e3100000, 0x0000000100000000)
  eden space 32256K, 100% used [0x00000000e0000000,0x00000000e1f80000,0x00000000e1f80000)
  from space 6656K, 7% used [0x00000000e1f80000,0x00000000e1ff55c0,0x00000000e2600000)
  to   space 6656K, 0% used [0x00000000e2a80000,0x00000000e2a80000,0x00000000e3100000)
 ParOldGen       total 61440K, used 31607K [0x00000000a0000000, 0x00000000a3c00000, 0x00000000e0000000)
  object space 61440K, 51% used [0x00000000a0000000,0x00000000a1edde50,0x00000000a3c00000)
 Metaspace       used 57053K, capacity 58740K, committed 59008K, reserved 1099776K
  class space    used 7866K, capacity 8263K, committed 8320K, reserved 1048576K
Event: 304.481 GC heap after
Heap after GC invocations=39 (full 3):
 PSYoungGen      total 43520K, used 224K [0x00000000e0000000, 0x00000000e3100000, 0x0000000100000000)
  eden space 36864K, 0% used [0x00000000e0000000,0x00000000e0000000,0x00000000e2400000)
  from space 6656K, 3% used [0x00000000e2a80000,0x00000000e2ab8000,0x00000000e3100000)
  to   space 6656K, 0% used [0x00000000e2400000,0x00000000e2400000,0x00000000e2a80000)
 ParOldGen       total 61440K, used 31973K [0x00000000a0000000, 0x00000000a3c00000, 0x00000000e0000000)
  object space 61440K, 52% used [0x00000000a0000000,0x00000000a1f39470,0x00000000a3c00000)
 Metaspace       used 57053K, capacity 58740K, committed 59008K, reserved 1099776K
  class space    used 7866K, capacity 8263K, committed 8320K, reserved 1048576K
}
Event: 306.803 GC heap before
{Heap before GC invocations=40 (full 3):
 PSYoungGen      total 43520K, used 37088K [0x00000000e0000000, 0x00000000e3100000, 0x0000000100000000)
  eden space 36864K, 100% used [0x00000000e0000000,0x00000000e2400000,0x00000000e2400000)
  from space 6656K, 3% used [0x00000000e2a80000,0x00000000e2ab8000,0x00000000e3100000)
  to   space 6656K, 0% used [0x00000000e2400000,0x00000000e2400000,0x00000000e2a80000)
 ParOldGen       total 61440K, used 31973K [0x00000000a0000000, 0x00000000a3c00000, 0x00000000e0000000)
  object space 61440K, 52% used [0x00000000a0000000,0x00000000a1f39470,0x00000000a3c00000)
 Metaspace       used 57055K, capacity 58740K, committed 59008K, reserved 1099776K
  class space    used 7866K, capacity 8263K, committed 8320K, reserved 1048576K
Event: 306.808 GC heap after
Heap after GC invocations=40 (full 3):
 PSYoungGen      total 43520K, used 384K [0x00000000e0000000, 0x00000000e3580000, 0x0000000100000000)
  eden space 36864K, 0% used [0x00000000e0000000,0x00000000e0000000,0x00000000e2400000)
  from space 6656K, 5% used [0x00000000e2400000,0x00000000e2460000,0x00000000e2a80000)
  to   space 6656K, 0% used [0x00000000e2f00000,0x00000000e2f00000,0x00000000e3580000)
 ParOldGen       total 61440K, used 32157K [0x00000000a0000000, 0x00000000a3c00000, 0x00000000e0000000)
  object space 61440K, 52% used [0x00000000a0000000,0x00000000a1f67470,0x00000000a3c00000)
 Metaspace       used 57055K, capacity 58740K, committed 59008K, reserved 1099776K
  class space    used 7866K, capacity 8263K, committed 8320K, reserved 1048576K
}
Event: 307.250 GC heap before
{Heap before GC invocations=41 (full 3):
 PSYoungGen      total 43520K, used 37242K [0x00000000e0000000, 0x00000000e3580000, 0x0000000100000000)
  eden space 36864K, 99% used [0x00000000e0000000,0x00000000e23feb50,0x00000000e2400000)
  from space 6656K, 5% used [0x00000000e2400000,0x00000000e2460000,0x00000000e2a80000)
  to   space 6656K, 0% used [0x00000000e2f00000,0x00000000e2f00000,0x00000000e3580000)
 ParOldGen       total 61440K, used 32157K [0x00000000a0000000, 0x00000000a3c00000, 0x00000000e0000000)
  object space 61440K, 52% used [0x00000000a0000000,0x00000000a1f67470,0x00000000a3c00000)
 Metaspace       used 57057K, capacity 58740K, committed 59008K, reserved 1099776K
  class space    used 7867K, capacity 8263K, committed 8320K, reserved 1048576K
Event: 307.267 GC heap after
Heap after GC invocations=41 (full 3):
 PSYoungGen      total 48128K, used 656K [0x00000000e0000000, 0x00000000e3780000, 0x0000000100000000)
  eden space 41472K, 0% used [0x00000000e0000000,0x00000000e0000000,0x00000000e2880000)
  from space 6656K, 9% used [0x00000000e2f00000,0x00000000e2fa4010,0x00000000e3580000)
  to   space 6656K, 0% used [0x00000000e2880000,0x00000000e2880000,0x00000000e2f00000)
 ParOldGen       total 61440K, used 32157K [0x00000000a0000000, 0x00000000a3c00000, 0x00000000e0000000)
  object space 61440K, 52% used [0x00000000a0000000,0x00000000a1f67470,0x00000000a3c00000)
 Metaspace       used 57057K, capacity 58740K, committed 59008K, reserved 1099776K
  class space    used 7867K, capacity 8263K, committed 8320K, reserved 1048576K
}

